{"C:\\Users\\lianl\\Documents\\Projekte\\jest-testing\\multiply\\multiply.js": {"path":"C:\\Users\\lianl\\Documents\\Projekte\\jest-testing\\multiply\\multiply.js","statementMap":{"0":{"start":{"line":2,"column":4},"end":{"line":2,"column":17}}},"fnMap":{"0":{"name":"multiply","decl":{"start":{"line":1,"column":16},"end":{"line":1,"column":24}},"loc":{"start":{"line":1,"column":31},"end":{"line":3,"column":1}},"line":1}},"branchMap":{},"s":{"0":1},"f":{"0":1},"b":{},"_coverageSchema":"1a1c01bbd47fc00a2c39e90264f33305004495a9","hash":"037428cb34cad69d992f7074de3dd21b390d5cf6"}
}
